0 info it worked if it ends with ok
1 verbose cli [ 'D:\\ProgramFiles\\nodejs\\node.exe',
1 verbose cli   'D:\\ProgramFiles\\nodejs\\node_modules\\npm\\bin\\npm-cli.js',
1 verbose cli   'run',
1 verbose cli   'start' ]
2 info using npm@3.10.10
3 info using node@v6.10.0
4 verbose run-script [ 'prestart', 'start', 'poststart' ]
5 info lifecycle tbd@1.0.0~prestart: tbd@1.0.0
6 silly lifecycle tbd@1.0.0~prestart: no script for prestart, continuing
7 info lifecycle tbd@1.0.0~start: tbd@1.0.0
8 verbose lifecycle tbd@1.0.0~start: unsafe-perm in lifecycle true
9 verbose lifecycle tbd@1.0.0~start: PATH: D:\ProgramFiles\nodejs\node_modules\npm\bin\node-gyp-bin;D:\Developer\CustomProjects\create-best-route\web\node_modules\.bin;C:\ProgramData\Oracle\Java\javapath;C:\Program Files\Oculus\Support\oculus-runtime;C:\Program Files (x86)\Intel\iCLS Client\;C:\Program Files\Intel\iCLS Client\;C:\Windows\system32;C:\Windows;C:\Windows\System32\Wbem;C:\Windows\System32\WindowsPowerShell\v1.0\;C:\Program Files (x86)\Intel\Intel(R) Management Engine Components\DAL;C:\Program Files\Intel\Intel(R) Management Engine Components\DAL;C:\Program Files (x86)\Intel\Intel(R) Management Engine Components\IPT;C:\Program Files\Intel\Intel(R) Management Engine Components\IPT;C:\Program Files (x86)\NVIDIA Corporation\PhysX\Common;C:\Program Files\Intel\WiFi\bin\;C:\Program Files\Common Files\Intel\WirelessCommon\;C:\WINDOWS\system32;C:\WINDOWS;C:\WINDOWS\System32\Wbem;C:\WINDOWS\System32\WindowsPowerShell\v1.0\;D:\ProgramFiles\nodejs\;D:\ProgramFiles\Git\cmd;C:\Strawberry\c\bin;C:\Strawberry\perl\site\bin;C:\Strawberry\perl\bin;D:\ProgramFiles\;D:\ProgramFiles\command;D:\ProgramFiles\pythonCustomInstall\Scripts\;D:\ProgramFiles\pythonCustomInstall\;C:\Users\cotyembry\AppData\Local\Programs\Python\Python36\Scripts\;C:\Users\cotyembry\AppData\Local\Programs\Python\Python36\;C:\Users\cotyembry\AppData\Local\Microsoft\WindowsApps;C:\Users\cotyembry\AppData\Roaming\npm;C:\Strawberry\perl\bin;C:\Users\cotyembry\AppData\Local\atom\bin;C:\Users\cotyembry\AppData\Local\Microsoft\WindowsApps;;C:\Program Files\Microsoft VS Code\bin
10 verbose lifecycle tbd@1.0.0~start: CWD: D:\Developer\CustomProjects\create-best-route\web
11 silly lifecycle tbd@1.0.0~start: Args: [ '/d /s /c', 'webpack-dev-server --inline --content-base .' ]
12 silly lifecycle tbd@1.0.0~start: Returned: code: 1  signal: null
13 info lifecycle tbd@1.0.0~start: Failed to exec start script
14 verbose stack Error: tbd@1.0.0 start: `webpack-dev-server --inline --content-base .`
14 verbose stack Exit status 1
14 verbose stack     at EventEmitter.<anonymous> (D:\ProgramFiles\nodejs\node_modules\npm\lib\utils\lifecycle.js:255:16)
14 verbose stack     at emitTwo (events.js:106:13)
14 verbose stack     at EventEmitter.emit (events.js:191:7)
14 verbose stack     at ChildProcess.<anonymous> (D:\ProgramFiles\nodejs\node_modules\npm\lib\utils\spawn.js:40:14)
14 verbose stack     at emitTwo (events.js:106:13)
14 verbose stack     at ChildProcess.emit (events.js:191:7)
14 verbose stack     at maybeClose (internal/child_process.js:877:16)
14 verbose stack     at Process.ChildProcess._handle.onexit (internal/child_process.js:226:5)
15 verbose pkgid tbd@1.0.0
16 verbose cwd D:\Developer\CustomProjects\create-best-route\web
17 error Windows_NT 10.0.16299
18 error argv "D:\\ProgramFiles\\nodejs\\node.exe" "D:\\ProgramFiles\\nodejs\\node_modules\\npm\\bin\\npm-cli.js" "run" "start"
19 error node v6.10.0
20 error npm  v3.10.10
21 error code ELIFECYCLE
22 error tbd@1.0.0 start: `webpack-dev-server --inline --content-base .`
22 error Exit status 1
23 error Failed at the tbd@1.0.0 start script 'webpack-dev-server --inline --content-base .'.
23 error Make sure you have the latest version of node.js and npm installed.
23 error If you do, this is most likely a problem with the tbd package,
23 error not with npm itself.
23 error Tell the author that this fails on your system:
23 error     webpack-dev-server --inline --content-base .
23 error You can get information on how to open an issue for this project with:
23 error     npm bugs tbd
23 error Or if that isn't available, you can get their info via:
23 error     npm owner ls tbd
23 error There is likely additional logging output above.
24 verbose exit [ 1, true ]
